{
  "RSpec": {
    "coverage": {
      "/Users/nickrichardson/Projects/gilded-rose/spec/gilded_rose_spec.rb": [
        1,
        null,
        1,
        null,
        1,
        36,
        36,
        36,
        36,
        36,
        36,
        null,
        36,
        null,
        36,
        null,
        null,
        1,
        null,
        1,
        1,
        1,
        null,
        null,
        1,
        1,
        1,
        null,
        null,
        1,
        1,
        1,
        null,
        null,
        1,
        1,
        1,
        null,
        null,
        1,
        1,
        1,
        null,
        null,
        1,
        1,
        1,
        1,
        null,
        null,
        1,
        1,
        1,
        null,
        null,
        1,
        6,
        1,
        1,
        null,
        null,
        1,
        11,
        1,
        1,
        null,
        null,
        1,
        16,
        1,
        1,
        null,
        null,
        null,
        null,
        1,
        1,
        1,
        1,
        null,
        null,
        null,
        1,
        1,
        1,
        1,
        null,
        null,
        null,
        1,
        1,
        1,
        1,
        null,
        null,
        null,
        1,
        1,
        1,
        null,
        null,
        null,
        1,
        1,
        1,
        null,
        null,
        null,
        1,
        1,
        1,
        null,
        null,
        null,
        1,
        1,
        1,
        null,
        null,
        null,
        1,
        1,
        1,
        1,
        null,
        null,
        1,
        1,
        1,
        null,
        null,
        null,
        1,
        1,
        1,
        1,
        null,
        null,
        null,
        1,
        1,
        1,
        1,
        null,
        null,
        1,
        1,
        1,
        null,
        null,
        null,
        1,
        1,
        6,
        1,
        1,
        null,
        null,
        null,
        1,
        1,
        1,
        1,
        null,
        null,
        null,
        1,
        1,
        1,
        1,
        null,
        null,
        null,
        1,
        1,
        1,
        1,
        1,
        null,
        null,
        1,
        11,
        1,
        1,
        null,
        null,
        null,
        1,
        null,
        1,
        1,
        1,
        null,
        null,
        1,
        1,
        1,
        null,
        null,
        null,
        null,
        1,
        null,
        1,
        1,
        1,
        null,
        null,
        1,
        1,
        1,
        null,
        null,
        null,
        null,
        1,
        1,
        6,
        1,
        1,
        null,
        null,
        null,
        1,
        1,
        11,
        1,
        1,
        null,
        null,
        null,
        1,
        1,
        1,
        1,
        null,
        null,
        null,
        1,
        1,
        1,
        1,
        null,
        null,
        null,
        1,
        1,
        1,
        1,
        null,
        null,
        null,
        null
      ],
      "/Users/nickrichardson/Projects/gilded-rose/lib/gilded_rose.rb": [
        1,
        null,
        1,
        null,
        1,
        36,
        null,
        null,
        1,
        71,
        426,
        426,
        426,
        426,
        null,
        null,
        null,
        1,
        215,
        1,
        null,
        null,
        null,
        1,
        215,
        null,
        null,
        1,
        428,
        214,
        214,
        null,
        null,
        null,
        1,
        428,
        214,
        214,
        null,
        null,
        null,
        1,
        428,
        115,
        115,
        null,
        null,
        null,
        1,
        116,
        15,
        null,
        null,
        null,
        1,
        116,
        102,
        102,
        null,
        null,
        null,
        1,
        103,
        null,
        null,
        1,
        103,
        null,
        null,
        1,
        215,
        72,
        72,
        null,
        null,
        null,
        1,
        73,
        30,
        null,
        null,
        null,
        1,
        73,
        8,
        null,
        null,
        null,
        1,
        428,
        null,
        null,
        1,
        268,
        null,
        null,
        1,
        319,
        256,
        null,
        null,
        null,
        1,
        189,
        null,
        null,
        1,
        187,
        null,
        null,
        1,
        357,
        null,
        null,
        1,
        2764,
        null,
        null,
        1,
        320,
        null,
        null,
        1,
        269,
        null,
        null,
        1,
        575,
        null,
        null,
        null,
        null,
        1,
        1,
        null,
        1,
        252,
        252,
        252,
        null,
        null,
        1,
        0,
        null,
        null
      ]
    },
    "timestamp": 1532014456
  }
}
